Flow report for dcpu
Sun Jan 10 01:29:57 2016
Quartus II Version 10.1 Build 197 01/19/2011 Service Pack 1 SJ Web Edition


---------------------
; Table of Contents ;
---------------------
  1. Legal Notice
  2. Flow Summary
  3. Flow Settings
  4. Flow Non-Default Global Settings
  5. Flow Elapsed Time
  6. Flow OS Summary
  7. Flow Log



----------------
; Legal Notice ;
----------------
Copyright (C) 1991-2011 Altera Corporation
Your use of Altera Corporation's design tools, logic functions 
and other software and tools, and its AMPP partner logic 
functions, and any output files from any of the foregoing 
(including device programming or simulation files), and any 
associated documentation or information are expressly subject 
to the terms and conditions of the Altera Program License 
Subscription Agreement, Altera MegaCore Function License 
Agreement, or other applicable license agreement, including, 
without limitation, that your use is for the sole purpose of 
programming logic devices manufactured by Altera and sold by 
Altera or its authorized distributors.  Please refer to the 
applicable agreement for further details.



+------------------------------------------------------------------------------------+
; Flow Summary                                                                       ;
+------------------------------------+-----------------------------------------------+
; Flow Status                        ; Successful - Sun Jan 10 01:29:03 2016         ;
; Quartus II Version                 ; 10.1 Build 197 01/19/2011 SP 1 SJ Web Edition ;
; Revision Name                      ; dcpu                                          ;
; Top-level Entity Name              ; dcpu                                          ;
; Family                             ; Cyclone II                                    ;
; Device                             ; EP2C35F672C6                                  ;
; Timing Models                      ; Final                                         ;
; Total logic elements               ; 29,702 / 33,216 ( 89 % )                      ;
;     Total combinational functions  ; 29,100 / 33,216 ( 88 % )                      ;
;     Dedicated logic registers      ; 1,864 / 33,216 ( 6 % )                        ;
; Total registers                    ; 1864                                          ;
; Total pins                         ; 125 / 475 ( 26 % )                            ;
; Total virtual pins                 ; 0                                             ;
; Total memory bits                  ; 0 / 483,840 ( 0 % )                           ;
; Embedded Multiplier 9-bit elements ; 8 / 70 ( 11 % )                               ;
; Total PLLs                         ; 0 / 4 ( 0 % )                                 ;
+------------------------------------+-----------------------------------------------+


+-----------------------------------------+
; Flow Settings                           ;
+-------------------+---------------------+
; Option            ; Setting             ;
+-------------------+---------------------+
; Start date & time ; 01/10/2016 00:03:43 ;
; Main task         ; Compilation         ;
; Revision Name     ; dcpu                ;
+-------------------+---------------------+


+----------------------------------------------------------------------------------------------------------------------------+
; Flow Non-Default Global Settings                                                                                           ;
+-------------------------------------+-------------------------------------------+---------------+-------------+------------+
; Assignment Name                     ; Value                                     ; Default Value ; Entity Name ; Section Id ;
+-------------------------------------+-------------------------------------------+---------------+-------------+------------+
; COMPILER_SIGNATURE_ID               ; 37413026641888.145235542307288            ; --            ; --          ; --         ;
; MAX_CORE_JUNCTION_TEMP              ; 85                                        ; --            ; --          ; --         ;
; MIN_CORE_JUNCTION_TEMP              ; 0                                         ; --            ; --          ; --         ;
; MISC_FILE                           ; C:/user/dcpu_1/project/2002/dcpu/dcpu.dpf ; --            ; --          ; --         ;
; PARTITION_COLOR                     ; 16764057                                  ; --            ; --          ; Top        ;
; PARTITION_FITTER_PRESERVATION_LEVEL ; PLACEMENT_AND_ROUTING                     ; --            ; --          ; Top        ;
; PARTITION_NETLIST_TYPE              ; SOURCE                                    ; --            ; --          ; Top        ;
+-------------------------------------+-------------------------------------------+---------------+-------------+------------+


+-------------------------------------------------------------------------------------------------------------------------------+
; Flow Elapsed Time                                                                                                             ;
+---------------------------+--------------+-------------------------+---------------------+------------------------------------+
; Module Name               ; Elapsed Time ; Average Processors Used ; Peak Virtual Memory ; Total CPU Time (on all processors) ;
+---------------------------+--------------+-------------------------+---------------------+------------------------------------+
; Analysis & Synthesis      ; 00:26:29     ; 1.0                     ; 331 MB              ; 00:26:24                           ;
; Fitter                    ; 00:58:22     ; 1.0                     ; 504 MB              ; 00:58:17                           ;
; Assembler                 ; 00:00:07     ; 1.0                     ; 337 MB              ; 00:00:06                           ;
; TimeQuest Timing Analyzer ; 00:01:01     ; 1.0                     ; 451 MB              ; 00:00:58                           ;
; Total                     ; 01:25:59     ; --                      ; --                  ; 01:25:45                           ;
+---------------------------+--------------+-------------------------+---------------------+------------------------------------+


+----------------------------------------------------------------------------------------+
; Flow OS Summary                                                                        ;
+---------------------------+------------------+-----------+------------+----------------+
; Module Name               ; Machine Hostname ; OS Name   ; OS Version ; Processor type ;
+---------------------------+------------------+-----------+------------+----------------+
; Analysis & Synthesis      ; user-PC          ; Windows 7 ; 6.1        ; x86_64         ;
; Fitter                    ; user-PC          ; Windows 7 ; 6.1        ; x86_64         ;
; Assembler                 ; user-PC          ; Windows 7 ; 6.1        ; x86_64         ;
; TimeQuest Timing Analyzer ; user-PC          ; Windows 7 ; 6.1        ; x86_64         ;
+---------------------------+------------------+-----------+------------+----------------+


------------
; Flow Log ;
------------
quartus_map --read_settings_files=on --write_settings_files=off dcpu -c dcpu
quartus_fit --read_settings_files=off --write_settings_files=off dcpu -c dcpu
quartus_asm --read_settings_files=off --write_settings_files=off dcpu -c dcpu
quartus_sta dcpu -c dcpu



